<?xml version="1.0" encoding="UTF-8"?>
<coverage generated="1752169604435" clover="3.2.0">
  <project timestamp="1752169604435" name="All files">
    <metrics statements="22" coveredstatements="21" conditionals="10" coveredconditionals="9" methods="4" coveredmethods="4" elements="36" coveredelements="34" complexity="0" loc="22" ncloc="22" packages="1" files="3" classes="3"/>
    <file name="buildDiff.js" path="C:\Users\asua\Downloads\qa-auto-engineer-javascript-project-87\src\buildDiff.js">
      <metrics statements="14" coveredstatements="14" conditionals="8" coveredconditionals="8" methods="2" coveredmethods="2"/>
      <line num="6" count="1" type="stmt"/>
      <line num="8" count="1" type="stmt"/>
      <line num="9" count="5" type="stmt"/>
      <line num="10" count="5" type="stmt"/>
      <line num="12" count="5" type="cond" truecount="4" falsecount="0"/>
      <line num="13" count="2" type="stmt"/>
      <line num="14" count="2" type="stmt"/>
      <line num="15" count="2" type="cond" truecount="2" falsecount="0"/>
      <line num="16" count="1" type="stmt"/>
      <line num="18" count="1" type="stmt"/>
      <line num="24" count="3" type="cond" truecount="2" falsecount="0"/>
      <line num="25" count="2" type="stmt"/>
      <line num="28" count="1" type="stmt"/>
      <line num="31" count="1" type="stmt"/>
    </file>
    <file name="formatValue.js" path="C:\Users\asua\Downloads\qa-auto-engineer-javascript-project-87\src\formatValue.js">
      <metrics statements="3" coveredstatements="2" conditionals="2" coveredconditionals="1" methods="1" coveredmethods="1"/>
      <line num="2" count="6" type="cond" truecount="1" falsecount="1"/>
      <line num="3" count="0" type="stmt"/>
      <line num="5" count="6" type="stmt"/>
    </file>
    <file name="index.js" path="C:\Users\asua\Downloads\qa-auto-engineer-javascript-project-87\src\index.js">
      <metrics statements="5" coveredstatements="5" conditionals="0" coveredconditionals="0" methods="1" coveredmethods="1"/>
      <line num="6" count="1" type="stmt"/>
      <line num="7" count="1" type="stmt"/>
      <line num="9" count="1" type="stmt"/>
      <line num="10" count="1" type="stmt"/>
      <line num="12" count="1" type="stmt"/>
    </file>
  </project>
</coverage>
