<?xml version="1.0" encoding="UTF-8"?>
<coverage generated="1751912489786" clover="3.2.0">
  <project timestamp="1751912489786" name="All files">
    <metrics statements="24" coveredstatements="23" conditionals="16" coveredconditionals="15" methods="5" coveredmethods="5" elements="45" coveredelements="43" complexity="0" loc="24" ncloc="24" packages="1" files="4" classes="4"/>
    <file name="buildDiff.js" path="C:\Users\asua\Downloads\qa-auto-engineer-javascript-project-87\src\buildDiff.js">
      <metrics statements="12" coveredstatements="12" conditionals="10" coveredconditionals="10" methods="2" coveredmethods="2"/>
      <line num="6" count="1" type="stmt"/>
      <line num="8" count="1" type="stmt"/>
      <line num="9" count="5" type="stmt"/>
      <line num="10" count="5" type="stmt"/>
      <line num="12" count="5" type="cond" truecount="4" falsecount="0"/>
      <line num="13" count="2" type="stmt"/>
      <line num="16" count="3" type="cond" truecount="4" falsecount="0"/>
      <line num="17" count="1" type="stmt"/>
      <line num="20" count="2" type="cond" truecount="2" falsecount="0"/>
      <line num="21" count="1" type="stmt"/>
      <line num="24" count="1" type="stmt"/>
      <line num="30" count="1" type="stmt"/>
    </file>
    <file name="formatValue.js" path="C:\Users\asua\Downloads\qa-auto-engineer-javascript-project-87\src\formatValue.js">
      <metrics statements="3" coveredstatements="3" conditionals="4" coveredconditionals="4" methods="1" coveredmethods="1"/>
      <line num="2" count="6" type="cond" truecount="4" falsecount="0"/>
      <line num="3" count="2" type="stmt"/>
      <line num="5" count="4" type="stmt"/>
    </file>
    <file name="index.js" path="C:\Users\asua\Downloads\qa-auto-engineer-javascript-project-87\src\index.js">
      <metrics statements="3" coveredstatements="3" conditionals="0" coveredconditionals="0" methods="1" coveredmethods="1"/>
      <line num="5" count="1" type="stmt"/>
      <line num="6" count="1" type="stmt"/>
      <line num="8" count="1" type="stmt"/>
    </file>
    <file name="parser.js" path="C:\Users\asua\Downloads\qa-auto-engineer-javascript-project-87\src\parser.js">
      <metrics statements="6" coveredstatements="5" conditionals="2" coveredconditionals="1" methods="1" coveredmethods="1"/>
      <line num="5" count="2" type="stmt"/>
      <line num="6" count="2" type="stmt"/>
      <line num="7" count="2" type="stmt"/>
      <line num="9" count="2" type="cond" truecount="1" falsecount="1"/>
      <line num="11" count="2" type="stmt"/>
      <line num="14" count="0" type="stmt"/>
    </file>
  </project>
</coverage>
