{"C:\\Users\\asua\\Downloads\\qa-auto-engineer-javascript-project-87\\src\\buildDiff.js": {"path":"C:\\Users\\asua\\Downloads\\qa-auto-engineer-javascript-project-87\\src\\buildDiff.js","statementMap":{"0":{"start":{"line":6,"column":15},"end":{"line":6,"column":73}},"1":{"start":{"line":8,"column":16},"end":{"line":28,"column":4}},"2":{"start":{"line":9,"column":22},"end":{"line":9,"column":48}},"3":{"start":{"line":10,"column":21},"end":{"line":10,"column":46}},"4":{"start":{"line":12,"column":4},"end":{"line":14,"column":5}},"5":{"start":{"line":13,"column":6},"end":{"line":13,"column":54}},"6":{"start":{"line":16,"column":4},"end":{"line":18,"column":5}},"7":{"start":{"line":17,"column":6},"end":{"line":17,"column":53}},"8":{"start":{"line":20,"column":4},"end":{"line":22,"column":5}},"9":{"start":{"line":21,"column":6},"end":{"line":21,"column":54}},"10":{"start":{"line":24,"column":4},"end":{"line":27,"column":5}},"11":{"start":{"line":30,"column":2},"end":{"line":30,"column":40}}},"fnMap":{"0":{"name":"buildDiff","decl":{"start":{"line":5,"column":24},"end":{"line":5,"column":33}},"loc":{"start":{"line":5,"column":49},"end":{"line":31,"column":1}},"line":5},"1":{"name":"(anonymous_1)","decl":{"start":{"line":8,"column":29},"end":{"line":8,"column":30}},"loc":{"start":{"line":8,"column":38},"end":{"line":28,"column":3}},"line":8}},"branchMap":{"0":{"loc":{"start":{"line":12,"column":4},"end":{"line":14,"column":5}},"type":"if","locations":[{"start":{"line":12,"column":4},"end":{"line":14,"column":5}},{"start":{},"end":{}}],"line":12},"1":{"loc":{"start":{"line":12,"column":8},"end":{"line":12,"column":30}},"type":"binary-expr","locations":[{"start":{"line":12,"column":8},"end":{"line":12,"column":17}},{"start":{"line":12,"column":21},"end":{"line":12,"column":30}}],"line":12},"2":{"loc":{"start":{"line":16,"column":4},"end":{"line":18,"column":5}},"type":"if","locations":[{"start":{"line":16,"column":4},"end":{"line":18,"column":5}},{"start":{},"end":{}}],"line":16},"3":{"loc":{"start":{"line":16,"column":8},"end":{"line":16,"column":30}},"type":"binary-expr","locations":[{"start":{"line":16,"column":8},"end":{"line":16,"column":18}},{"start":{"line":16,"column":22},"end":{"line":16,"column":30}}],"line":16},"4":{"loc":{"start":{"line":20,"column":4},"end":{"line":22,"column":5}},"type":"if","locations":[{"start":{"line":20,"column":4},"end":{"line":22,"column":5}},{"start":{},"end":{}}],"line":20}},"s":{"0":1,"1":1,"2":5,"3":5,"4":5,"5":2,"6":3,"7":1,"8":2,"9":1,"10":1,"11":1},"f":{"0":1,"1":5},"b":{"0":[2,3],"1":[5,4],"2":[1,2],"3":[3,1],"4":[1,1]},"_coverageSchema":"1a1c01bbd47fc00a2c39e90264f33305004495a9","hash":"776a2b1257f035e120dbbe47f3b1890e204eaae1"}
,"C:\\Users\\asua\\Downloads\\qa-auto-engineer-javascript-project-87\\src\\formatValue.js": {"path":"C:\\Users\\asua\\Downloads\\qa-auto-engineer-javascript-project-87\\src\\formatValue.js","statementMap":{"0":{"start":{"line":2,"column":2},"end":{"line":4,"column":3}},"1":{"start":{"line":3,"column":4},"end":{"line":3,"column":24}},"2":{"start":{"line":5,"column":2},"end":{"line":5,"column":14}}},"fnMap":{"0":{"name":"formatValue","decl":{"start":{"line":1,"column":24},"end":{"line":1,"column":35}},"loc":{"start":{"line":1,"column":43},"end":{"line":6,"column":1}},"line":1}},"branchMap":{"0":{"loc":{"start":{"line":2,"column":2},"end":{"line":4,"column":3}},"type":"if","locations":[{"start":{"line":2,"column":2},"end":{"line":4,"column":3}},{"start":{},"end":{}}],"line":2},"1":{"loc":{"start":{"line":2,"column":6},"end":{"line":2,"column":50}},"type":"binary-expr","locations":[{"start":{"line":2,"column":6},"end":{"line":2,"column":32}},{"start":{"line":2,"column":36},"end":{"line":2,"column":50}}],"line":2}},"s":{"0":6,"1":2,"2":4},"f":{"0":6},"b":{"0":[2,4],"1":[6,4]},"_coverageSchema":"1a1c01bbd47fc00a2c39e90264f33305004495a9","hash":"2a6ac6c2e40f5dd39e18ef68b50e6fb597fc46ce"}
,"C:\\Users\\asua\\Downloads\\qa-auto-engineer-javascript-project-87\\src\\index.js": {"path":"C:\\Users\\asua\\Downloads\\qa-auto-engineer-javascript-project-87\\src\\index.js","statementMap":{"0":{"start":{"line":5,"column":16},"end":{"line":5,"column":32}},"1":{"start":{"line":6,"column":16},"end":{"line":6,"column":32}},"2":{"start":{"line":8,"column":2},"end":{"line":8,"column":32}}},"fnMap":{"0":{"name":"genDiff","decl":{"start":{"line":4,"column":24},"end":{"line":4,"column":31}},"loc":{"start":{"line":4,"column":54},"end":{"line":9,"column":1}},"line":4}},"branchMap":{},"s":{"0":1,"1":1,"2":1},"f":{"0":1},"b":{},"_coverageSchema":"1a1c01bbd47fc00a2c39e90264f33305004495a9","hash":"e7ca8f1c97f0dca3f8c4f46154371355ccdc8297"}
,"C:\\Users\\asua\\Downloads\\qa-auto-engineer-javascript-project-87\\src\\parser.js": {"path":"C:\\Users\\asua\\Downloads\\qa-auto-engineer-javascript-project-87\\src\\parser.js","statementMap":{"0":{"start":{"line":5,"column":19},"end":{"line":5,"column":56}},"1":{"start":{"line":6,"column":18},"end":{"line":6,"column":52}},"2":{"start":{"line":7,"column":14},"end":{"line":7,"column":50}},"3":{"start":{"line":9,"column":2},"end":{"line":15,"column":3}},"4":{"start":{"line":11,"column":6},"end":{"line":11,"column":32}},"5":{"start":{"line":14,"column":6},"end":{"line":14,"column":59}}},"fnMap":{"0":{"name":"parse","decl":{"start":{"line":4,"column":24},"end":{"line":4,"column":29}},"loc":{"start":{"line":4,"column":40},"end":{"line":16,"column":1}},"line":4}},"branchMap":{"0":{"loc":{"start":{"line":9,"column":2},"end":{"line":15,"column":3}},"type":"switch","locations":[{"start":{"line":10,"column":4},"end":{"line":11,"column":32}},{"start":{"line":13,"column":4},"end":{"line":14,"column":59}}],"line":9}},"s":{"0":2,"1":2,"2":2,"3":2,"4":2,"5":0},"f":{"0":2},"b":{"0":[2,0]},"_coverageSchema":"1a1c01bbd47fc00a2c39e90264f33305004495a9","hash":"8059919808213ab9336f59c7e6839ac244b6b832"}
}
