TN:
SF:src\buildDiff.js
FN:5,buildDiff
FN:8,(anonymous_1)
FNF:2
FNH:2
FNDA:2,buildDiff
FNDA:10,(anonymous_1)
DA:6,2
DA:8,2
DA:9,10
DA:10,10
DA:12,10
DA:13,4
DA:14,4
DA:15,4
DA:16,2
DA:18,2
DA:24,6
DA:25,4
DA:28,2
DA:31,2
LF:14
LH:14
BRDA:12,0,0,4
BRDA:12,0,1,6
BRDA:12,1,0,10
BRDA:12,1,1,8
BRDA:15,2,0,2
BRDA:15,2,1,2
BRDA:24,3,0,4
BRDA:24,3,1,2
BRF:8
BRH:8
end_of_record
TN:
SF:src\formatValue.js
FN:1,formatValue
FNF:1
FNH:1
FNDA:12,formatValue
DA:2,12
DA:3,0
DA:5,12
LF:3
LH:2
BRDA:2,0,0,0
BRDA:2,0,1,12
BRF:2
BRH:1
end_of_record
TN:
SF:src\index.js
FN:4,genDiff
FNF:1
FNH:1
FNDA:2,genDiff
DA:5,2
DA:6,2
DA:7,2
LF:3
LH:3
BRF:0
BRH:0
end_of_record
TN:
SF:src\parser.js
FN:6,parse
FNF:1
FNH:1
FNDA:6,parse
DA:7,6
DA:8,6
DA:9,6
DA:11,6
DA:13,3
DA:17,2
DA:20,1
LF:7
LH:7
BRDA:11,0,0,3
BRDA:11,0,1,2
BRDA:11,0,2,2
BRDA:11,0,3,1
BRF:4
BRH:4
end_of_record
