TN:
SF:src\buildDiff.js
FN:5,buildDiff
FN:8,(anonymous_1)
FNF:2
FNH:2
FNDA:1,buildDiff
FNDA:5,(anonymous_1)
DA:6,1
DA:8,1
DA:9,5
DA:10,5
DA:12,5
DA:13,2
DA:14,2
DA:15,2
DA:16,1
DA:18,1
DA:24,3
DA:25,2
DA:28,1
DA:31,1
LF:14
LH:14
BRDA:12,0,0,2
BRDA:12,0,1,3
BRDA:12,1,0,5
BRDA:12,1,1,4
BRDA:15,2,0,1
BRDA:15,2,1,1
BRDA:24,3,0,2
BRDA:24,3,1,1
BRF:8
BRH:8
end_of_record
TN:
SF:src\formatValue.js
FN:1,formatValue
FNF:1
FNH:1
FNDA:6,formatValue
DA:2,6
DA:3,0
DA:5,6
LF:3
LH:2
BRDA:2,0,0,0
BRDA:2,0,1,6
BRF:2
BRH:1
end_of_record
TN:
SF:src\index.js
FN:5,genDiff
FNF:1
FNH:1
FNDA:1,genDiff
DA:6,1
DA:7,1
DA:9,1
DA:10,1
DA:12,1
LF:5
LH:5
BRF:0
BRH:0
end_of_record
TN:
SF:src\parser.js
FN:4,parse
FNF:1
FNH:1
FNDA:2,parse
DA:5,2
DA:6,2
DA:7,2
DA:9,2
DA:11,1
DA:14,1
LF:6
LH:6
BRDA:9,0,0,1
BRDA:9,0,1,1
BRF:2
BRH:2
end_of_record
